0 info it worked if it ends with ok
1 verbose cli [ '/usr/local/bin/node',
1 verbose cli   '/usr/local/bin/npm',
1 verbose cli   'install',
1 verbose cli   'js-md5' ]
2 info using npm@2.15.9
3 info using node@v4.5.0
4 verbose install initial load of /Applications/MAMP/htdocs/React-Recipe/package.json
5 warn package.json familyrecipe@1.0.0 No repository field.
6 warn package.json familyrecipe@1.0.0 No README data
7 verbose installManyTop reading scoped package data from /Applications/MAMP/htdocs/React-Recipe/node_modules/babel-core/package.json
8 verbose installManyTop reading scoped package data from /Applications/MAMP/htdocs/React-Recipe/node_modules/babel-loader/package.json
9 verbose installManyTop reading scoped package data from /Applications/MAMP/htdocs/React-Recipe/node_modules/babel-preset-es2015/package.json
10 verbose installManyTop reading scoped package data from /Applications/MAMP/htdocs/React-Recipe/node_modules/babel-preset-react/package.json
11 verbose installManyTop reading scoped package data from /Applications/MAMP/htdocs/React-Recipe/node_modules/css-loader/package.json
12 verbose installManyTop reading scoped package data from /Applications/MAMP/htdocs/React-Recipe/node_modules/file-loader/package.json
13 verbose installManyTop reading scoped package data from /Applications/MAMP/htdocs/React-Recipe/node_modules/flux/package.json
14 verbose installManyTop reading scoped package data from /Applications/MAMP/htdocs/React-Recipe/node_modules/image-webpack-loader/package.json
15 verbose installManyTop reading scoped package data from /Applications/MAMP/htdocs/React-Recipe/node_modules/immutable/package.json
16 verbose installManyTop reading scoped package data from /Applications/MAMP/htdocs/React-Recipe/node_modules/node-sass/package.json
17 verbose installManyTop reading scoped package data from /Applications/MAMP/htdocs/React-Recipe/node_modules/react/package.json
18 verbose installManyTop reading scoped package data from /Applications/MAMP/htdocs/React-Recipe/node_modules/react-dom/package.json
19 verbose installManyTop reading scoped package data from /Applications/MAMP/htdocs/React-Recipe/node_modules/sass-loader/package.json
20 verbose installManyTop reading scoped package data from /Applications/MAMP/htdocs/React-Recipe/node_modules/style-loader/package.json
21 verbose installManyTop reading scoped package data from /Applications/MAMP/htdocs/React-Recipe/node_modules/webpack/package.json
22 verbose installManyTop reading scoped package data from /Applications/MAMP/htdocs/React-Recipe/node_modules/webpack-dev-server/package.json
23 verbose readDependencies loading dependencies from /Applications/MAMP/htdocs/React-Recipe/package.json
24 silly cache add args [ 'js-md5', null ]
25 verbose cache add spec js-md5
26 silly cache add parsed spec Result {
26 silly cache add   raw: 'js-md5',
26 silly cache add   scope: null,
26 silly cache add   name: 'js-md5',
26 silly cache add   rawSpec: '',
26 silly cache add   spec: 'latest',
26 silly cache add   type: 'tag' }
27 silly addNamed js-md5@latest
28 verbose addNamed "latest" is being treated as a dist-tag for js-md5
29 info addNameTag [ 'js-md5', 'latest' ]
30 silly mapToRegistry name js-md5
31 silly mapToRegistry using default registry
32 silly mapToRegistry registry https://registry.npmjs.org/
33 silly mapToRegistry data Result {
33 silly mapToRegistry   raw: 'js-md5',
33 silly mapToRegistry   scope: null,
33 silly mapToRegistry   name: 'js-md5',
33 silly mapToRegistry   rawSpec: '',
33 silly mapToRegistry   spec: 'latest',
33 silly mapToRegistry   type: 'tag' }
34 silly mapToRegistry uri https://registry.npmjs.org/js-md5
35 verbose addNameTag registry:https://registry.npmjs.org/js-md5 not in flight; fetching
36 verbose request uri https://registry.npmjs.org/js-md5
37 verbose request no auth needed
38 info attempt registry request try #1 at 7:13:18 AM
39 verbose request id 2fc990fdfed44877
40 http request GET https://registry.npmjs.org/js-md5
41 http 200 https://registry.npmjs.org/js-md5
42 verbose headers { server: 'nginx/1.10.1',
42 verbose headers   'content-type': 'application/json',
42 verbose headers   'last-modified': 'Sat, 07 Oct 2017 02:17:14 GMT',
42 verbose headers   etag: 'W/"59d8392a-52b0"',
42 verbose headers   'content-encoding': 'gzip',
42 verbose headers   'cache-control': 'max-age=300',
42 verbose headers   'content-length': '3521',
42 verbose headers   'accept-ranges': 'bytes',
42 verbose headers   date: 'Mon, 09 Oct 2017 11:13:15 GMT',
42 verbose headers   via: '1.1 varnish',
42 verbose headers   age: '0',
42 verbose headers   connection: 'keep-alive',
42 verbose headers   'x-served-by': 'cache-bos8225-BOS',
42 verbose headers   'x-cache': 'MISS',
42 verbose headers   'x-cache-hits': '0',
42 verbose headers   'x-timer': 'S1507547595.065767,VS0,VE381',
42 verbose headers   vary: 'Accept-Encoding, Accept' }
43 silly get cb [ 200,
43 silly get   { server: 'nginx/1.10.1',
43 silly get     'content-type': 'application/json',
43 silly get     'last-modified': 'Sat, 07 Oct 2017 02:17:14 GMT',
43 silly get     etag: 'W/"59d8392a-52b0"',
43 silly get     'content-encoding': 'gzip',
43 silly get     'cache-control': 'max-age=300',
43 silly get     'content-length': '3521',
43 silly get     'accept-ranges': 'bytes',
43 silly get     date: 'Mon, 09 Oct 2017 11:13:15 GMT',
43 silly get     via: '1.1 varnish',
43 silly get     age: '0',
43 silly get     connection: 'keep-alive',
43 silly get     'x-served-by': 'cache-bos8225-BOS',
43 silly get     'x-cache': 'MISS',
43 silly get     'x-cache-hits': '0',
43 silly get     'x-timer': 'S1507547595.065767,VS0,VE381',
43 silly get     vary: 'Accept-Encoding, Accept' } ]
44 verbose get saving js-md5 to /Users/Max/.npm/registry.npmjs.org/js-md5/.cache.json
45 verbose correctMkdir /Users/Max/.npm correctMkdir not in flight; initializing
46 silly addNameTag next cb for js-md5 with tag latest
47 silly addNamed js-md5@0.6.1
48 verbose addNamed "0.6.1" is a plain semver version for js-md5
49 silly mapToRegistry name js-md5
50 silly mapToRegistry using default registry
51 silly mapToRegistry registry https://registry.npmjs.org/
52 silly mapToRegistry data Result {
52 silly mapToRegistry   raw: 'js-md5',
52 silly mapToRegistry   scope: null,
52 silly mapToRegistry   name: 'js-md5',
52 silly mapToRegistry   rawSpec: '',
52 silly mapToRegistry   spec: 'latest',
52 silly mapToRegistry   type: 'tag' }
53 silly mapToRegistry uri https://registry.npmjs.org/js-md5
54 verbose addRemoteTarball https://registry.npmjs.org/js-md5/-/js-md5-0.6.1.tgz not in flight; adding
55 verbose addRemoteTarball [ 'https://registry.npmjs.org/js-md5/-/js-md5-0.6.1.tgz',
55 verbose addRemoteTarball   '7765ad6b4be503b6493a04437d40cffd262195f5' ]
56 info retry fetch attempt 1 at 7:13:19 AM
57 info attempt registry request try #1 at 7:13:19 AM
58 http fetch GET https://registry.npmjs.org/js-md5/-/js-md5-0.6.1.tgz
59 http fetch 200 https://registry.npmjs.org/js-md5/-/js-md5-0.6.1.tgz
60 silly fetchAndShaCheck shasum 7765ad6b4be503b6493a04437d40cffd262195f5
61 verbose addTmpTarball /var/folders/p4/v3j_74ns3zd_hqxc5ghy5nmh0000gn/T/npm-67542-e3ac2cd1/registry.npmjs.org/js-md5/-/js-md5-0.6.1.tgz not in flight; adding
62 verbose addTmpTarball already have metadata; skipping unpack for js-md5@0.6.1
63 verbose correctMkdir /Users/Max/.npm correctMkdir not in flight; initializing
64 silly cache afterAdd js-md5@0.6.1
65 verbose afterAdd /Users/Max/.npm/js-md5/0.6.1/package/package.json not in flight; writing
66 verbose correctMkdir /Users/Max/.npm correctMkdir not in flight; initializing
67 verbose afterAdd /Users/Max/.npm/js-md5/0.6.1/package/package.json written
68 silly install resolved [ { name: 'js-md5',
68 silly install resolved     version: '0.6.1',
68 silly install resolved     description: 'A simple MD5 hash function for JavaScript supports UTF-8 encoding.',
68 silly install resolved     main: 'src/md5.js',
68 silly install resolved     devDependencies:
68 silly install resolved      { 'expect.js': '~0.3.1',
68 silly install resolved        jscoverage: '~0.5.9',
68 silly install resolved        jsdoc: '^3.4.0',
68 silly install resolved        mocha: '~2.3.4',
68 silly install resolved        requirejs: '^2.1.22',
68 silly install resolved        'uglify-js': '~2.4.10',
68 silly install resolved        'webworker-threads': '^0.7.11' },
68 silly install resolved     scripts:
68 silly install resolved      { test: 'mocha tests/node-test.js -r jscoverage',
68 silly install resolved        report: 'mocha tests/node-test.js -r jscoverage --covout=html',
68 silly install resolved        coveralls: 'mocha tests/node-test.js -R mocha-lcov-reporter -r jscoverage | coveralls',
68 silly install resolved        doc: 'rm -rf doc;jsdoc src README.md -d doc',
68 silly install resolved        compress: 'uglifyjs src/md5.js --compress --mangle --comments --output build/md5.min.js',
68 silly install resolved        build: 'npm run-script compress;npm run-script doc' },
68 silly install resolved     repository: { type: 'git', url: 'git+https://github.com/emn178/js-md5.git' },
68 silly install resolved     keywords: [ 'md5', 'hash', 'encryption', 'cryptography', 'HMAC' ],
68 silly install resolved     license: 'MIT',
68 silly install resolved     author: { name: 'Chen, Yi-Cyuan', email: 'emn178@gmail.com' },
68 silly install resolved     homepage: 'https://github.com/emn178/js-md5',
68 silly install resolved     bugs: { url: 'https://github.com/emn178/js-md5/issues' },
68 silly install resolved     gitHead: 'a54f102b8aecb6fb47cbcb39b58b95cc596262f0',
68 silly install resolved     _id: 'js-md5@0.6.1',
68 silly install resolved     _npmVersion: '5.3.0',
68 silly install resolved     _nodeVersion: '8.2.1',
68 silly install resolved     _npmUser: { name: 'emn178', email: 'emn178@gmail.com' },
68 silly install resolved     dist:
68 silly install resolved      { integrity: 'sha512-lyUTXOqMEaA9mm38mHxbTo83WsYAvMJm850kxJcRno3T2qL+e40B2G89E0/4r9TdAeB3jN0TdSVp/VHNI6/WyQ==',
68 silly install resolved        shasum: '7765ad6b4be503b6493a04437d40cffd262195f5',
68 silly install resolved        tarball: 'https://registry.npmjs.org/js-md5/-/js-md5-0.6.1.tgz' },
68 silly install resolved     maintainers: [ [Object] ],
68 silly install resolved     _npmOperationalInternal:
68 silly install resolved      { host: 's3://npm-registry-packages',
68 silly install resolved        tmp: 'tmp/js-md5-0.6.1.tgz_1507342634673_0.07454115431755781' },
68 silly install resolved     directories: {},
68 silly install resolved     _shasum: '7765ad6b4be503b6493a04437d40cffd262195f5',
68 silly install resolved     _resolved: 'https://registry.npmjs.org/js-md5/-/js-md5-0.6.1.tgz',
68 silly install resolved     _from: 'js-md5@latest' } ]
69 info install js-md5@0.6.1 into /Applications/MAMP/htdocs/React-Recipe
70 info installOne js-md5@0.6.1
71 verbose installOne of js-md5 to /Applications/MAMP/htdocs/React-Recipe not in flight; installing
72 verbose correctMkdir /Users/Max/.npm/_locks correctMkdir not in flight; initializing
73 verbose lock using /Users/Max/.npm/_locks/js-md5-c803eed20ada444d.lock for /Applications/MAMP/htdocs/React-Recipe/node_modules/js-md5
74 silly install write writing js-md5 0.6.1 to /Applications/MAMP/htdocs/React-Recipe/node_modules/js-md5
75 verbose unbuild node_modules/js-md5
76 silly gentlyRm /Applications/MAMP/htdocs/React-Recipe/node_modules/js-md5 is being purged from base /Applications/MAMP/htdocs/React-Recipe
77 verbose gentlyRm don't care about contents; nuking /Applications/MAMP/htdocs/React-Recipe/node_modules/js-md5
78 verbose tar unpack /Users/Max/.npm/js-md5/0.6.1/package.tgz
79 verbose tar unpacking to /Applications/MAMP/htdocs/React-Recipe/node_modules/js-md5
80 silly gentlyRm /Applications/MAMP/htdocs/React-Recipe/node_modules/js-md5 is being purged
81 verbose gentlyRm don't care about contents; nuking /Applications/MAMP/htdocs/React-Recipe/node_modules/js-md5
82 silly gunzTarPerm modes [ '755', '644' ]
83 silly gunzTarPerm extractEntry package.json
84 silly gunzTarPerm extractEntry .npmignore
85 silly gunzTarPerm extractEntry README.md
86 silly gunzTarPerm extractEntry bower.json
87 silly gunzTarPerm extractEntry .travis.yml
88 silly gunzTarPerm extractEntry CHANGELOG.md
89 silly gunzTarPerm extractEntry LICENSE.txt
90 silly gunzTarPerm extractEntry .covignore
91 silly gunzTarPerm extractEntry build/md5.min.js
92 silly gunzTarPerm extractEntry doc/Md5_.html
93 silly gunzTarPerm extractEntry doc/fonts/OpenSans-Light-webfont.eot
94 silly gunzTarPerm extractEntry doc/fonts/OpenSans-Bold-webfont.eot
95 silly gunzTarPerm extractEntry doc/fonts/OpenSans-Bold-webfont.woff
96 silly gunzTarPerm extractEntry doc/fonts/OpenSans-BoldItalic-webfont.eot
97 silly gunzTarPerm extractEntry doc/fonts/OpenSans-BoldItalic-webfont.svg
98 silly gunzTarPerm extractEntry doc/fonts/OpenSans-BoldItalic-webfont.woff
99 silly gunzTarPerm extractEntry doc/fonts/OpenSans-Italic-webfont.eot
100 silly gunzTarPerm extractEntry doc/fonts/OpenSans-Italic-webfont.svg
101 silly gunzTarPerm extractEntry doc/fonts/OpenSans-Italic-webfont.woff
102 silly gunzTarPerm extractEntry doc/fonts/OpenSans-Bold-webfont.svg
103 silly gunzTarPerm extractEntry doc/fonts/OpenSans-Light-webfont.svg
104 silly gunzTarPerm extractEntry doc/fonts/OpenSans-Light-webfont.woff
105 silly gunzTarPerm extractEntry doc/fonts/OpenSans-LightItalic-webfont.eot
106 silly gunzTarPerm extractEntry doc/fonts/OpenSans-LightItalic-webfont.svg
107 silly gunzTarPerm extractEntry doc/fonts/OpenSans-LightItalic-webfont.woff
108 silly gunzTarPerm extractEntry doc/fonts/OpenSans-Regular-webfont.eot
109 silly gunzTarPerm extractEntry doc/fonts/OpenSans-Regular-webfont.svg
110 silly gunzTarPerm extractEntry doc/fonts/OpenSans-Regular-webfont.woff
111 silly gunzTarPerm extractEntry doc/global.html
112 silly gunzTarPerm extractEntry doc/index.html
113 silly gunzTarPerm extractEntry doc/md5.html
114 silly gunzTarPerm extractEntry doc/md5.js.html
115 silly gunzTarPerm extractEntry doc/scripts/linenumber.js
116 silly gunzTarPerm extractEntry doc/scripts/prettify/lang-css.js
117 silly gunzTarPerm extractEntry doc/scripts/prettify/prettify.js
118 silly gunzTarPerm extractEntry doc/scripts/prettify/Apache-License-2.0.txt
119 silly gunzTarPerm extractEntry doc/styles/jsdoc-default.css
120 silly gunzTarPerm extractEntry doc/styles/prettify-jsdoc.css
121 silly gunzTarPerm extractEntry doc/styles/prettify-tomorrow.css
122 silly gunzTarPerm extractEntry src/md5.js
123 silly gunzTarPerm extractEntry tests/node-test.js
124 silly gunzTarPerm extractEntry tests/test.js
125 silly gunzTarPerm extractEntry tests/worker-test.js
126 silly gunzTarPerm extractEntry tests/worker.js
127 silly gunzTarPerm extractEntry tests/index.html
128 silly gunzTarPerm extractEntry tests/requirejs.html
129 silly gunzTarPerm extractEntry tests/worker.html
130 verbose write writing to /Applications/MAMP/htdocs/React-Recipe/node_modules/js-md5/package.json
131 info preinstall js-md5@0.6.1
132 verbose readDependencies loading dependencies from /Applications/MAMP/htdocs/React-Recipe/node_modules/js-md5/package.json
133 verbose readDependencies loading dependencies from /Applications/MAMP/htdocs/React-Recipe/node_modules/js-md5/package.json
134 silly install resolved []
135 verbose about to build /Applications/MAMP/htdocs/React-Recipe/node_modules/js-md5
136 info build /Applications/MAMP/htdocs/React-Recipe/node_modules/js-md5
137 info linkStuff js-md5@0.6.1
138 silly linkStuff js-md5@0.6.1 has /Applications/MAMP/htdocs/React-Recipe/node_modules as its parent node_modules
139 verbose linkBins js-md5@0.6.1
140 verbose linkMans js-md5@0.6.1
141 verbose rebuildBundles js-md5@0.6.1
142 info install js-md5@0.6.1
143 info postinstall js-md5@0.6.1
144 verbose unlock done using /Users/Max/.npm/_locks/js-md5-c803eed20ada444d.lock for /Applications/MAMP/htdocs/React-Recipe/node_modules/js-md5
145 verbose validateInstall loading /Applications/MAMP/htdocs/React-Recipe/package.json for validation
146 verbose stack Error: The package react@0.14.8 does not satisfy its siblings' peerDependencies requirements!
146 verbose stack     at /usr/local/lib/node_modules/npm/lib/install.js:125:32
146 verbose stack     at /usr/local/lib/node_modules/npm/lib/install.js:268:7
146 verbose stack     at /usr/local/lib/node_modules/npm/node_modules/read-installed/read-installed.js:142:5
146 verbose stack     at /usr/local/lib/node_modules/npm/node_modules/read-installed/read-installed.js:263:14
146 verbose stack     at cb (/usr/local/lib/node_modules/npm/node_modules/slide/lib/async-map.js:47:24)
146 verbose stack     at /usr/local/lib/node_modules/npm/node_modules/read-installed/read-installed.js:263:14
146 verbose stack     at cb (/usr/local/lib/node_modules/npm/node_modules/slide/lib/async-map.js:47:24)
146 verbose stack     at /usr/local/lib/node_modules/npm/node_modules/read-installed/read-installed.js:263:14
146 verbose stack     at cb (/usr/local/lib/node_modules/npm/node_modules/slide/lib/async-map.js:47:24)
146 verbose stack     at /usr/local/lib/node_modules/npm/node_modules/read-installed/read-installed.js:263:14
147 verbose cwd /Applications/MAMP/htdocs/React-Recipe
148 error Darwin 15.6.0
149 error argv "/usr/local/bin/node" "/usr/local/bin/npm" "install" "js-md5"
150 error node v4.5.0
151 error npm  v2.15.9
152 error code EPEERINVALID
153 error peerinvalid The package react@0.14.8 does not satisfy its siblings' peerDependencies requirements!
153 error peerinvalid Peer react-dom@0.14.7 wants react@^0.14.7
153 error peerinvalid Peer flux@3.1.2 wants react@^15.0.2
154 verbose exit [ 1, true ]
